------------------------------------
   INPUT  DATA    
Uin       [V]:  7
Uout      [V]:  16
dUout     [%]:  2.0
Rload    [Om]:  120
Freq    [1/s]:  20000
LIR          :  0.3
R_ind    [Om]:  0.2
------------------------------------
   OUTPUT DATA    
D:               0.5625
Iout       [A]:  0.13333333333333333
T         [us]:  50.0
Lmin      [uH]:  2153.3203125
L         [uH]:  2200.0
absdUout   [V]:  0.32
t_impulse [us]:  28.125000000000004
Iin        [A]:  35.0
------------------------------------
di1        [A]:   0.08948863636363635
di2        [A]:  -0.08948863636363635

di1 + di2 =  0.0
The law of conservation of energy is observed!

Imax       [A]:   0.8828395562770563
Imin       [A]:   0.79335091991342
Cout_min  [uF]:  48.17708333333335
Cout      [uF]:  51.0
